build/app/intermediates/manifest_merge_blame_file/prodDebug/manifest-merger-blame-prod-debug-report.txt
1<?xml version="1.0" encoding="utf-8"?>
2<manifest xmlns:android="http://schemas.android.com/apk/res/android"
3    package="co.novageeks.mediation"
4    android:versionCode="1"
5    android:versionName="1.0.0" >
6
7    <uses-sdk
8        android:minSdkVersion="21"
9        android:targetSdkVersion="33" />
10    <!--
11         Flutter needs it to communicate with the running application
12         to allow setting breakpoints, to provide hot reload, etc.
13    -->
14    <uses-permission android:name="android.permission.INTERNET" />
14-->src\main\AndroidManifest.xml:5:5-67
14-->src\main\AndroidManifest.xml:5:22-64
15    <uses-permission android:name="com.android.vending.BILLING" />
15-->src\main\AndroidManifest.xml:6:5-66
15-->src\main\AndroidManifest.xml:6:22-64
16    <uses-permission android:name="android.permission.ACCESS_NETWORK_STATE" />
16-->[:firebase_analytics] AndroidManifest.xml:7:5-79
16-->[:firebase_analytics] AndroidManifest.xml:7:22-76
17    <uses-permission android:name="android.permission.WAKE_LOCK" />
17-->[:firebase_analytics] AndroidManifest.xml:9:5-68
17-->[:firebase_analytics] AndroidManifest.xml:9:22-65
18    <uses-permission android:name="android.permission.READ_EXTERNAL_STORAGE" />
18-->[:file_picker] AndroidManifest.xml:7:5-80
18-->[:file_picker] AndroidManifest.xml:7:22-77
19
20    <queries>
20-->[:file_picker] AndroidManifest.xml:9:5-15:15
21        <intent>
21-->[:file_picker] AndroidManifest.xml:10:9-14:18
22            <action android:name="android.intent.action.GET_CONTENT" />
22-->[:file_picker] AndroidManifest.xml:11:13-72
22-->[:file_picker] AndroidManifest.xml:11:21-69
23
24            <data android:mimeType="*/*" />
24-->[:file_picker] AndroidManifest.xml:13:13-44
24-->[:file_picker] AndroidManifest.xml:13:19-41
25        </intent>
26        <intent>
26-->[:flutter_downloader] AndroidManifest.xml:9:9-11:18
27            <action android:name="android.intent.action.VIEW" />
27-->[:flutter_downloader] AndroidManifest.xml:10:13-65
27-->[:flutter_downloader] AndroidManifest.xml:10:21-62
28        </intent>
29        <intent>
29-->[:flutter_inappwebview] AndroidManifest.xml:8:9-10:18
30            <action android:name="android.support.customtabs.action.CustomTabsService" />
30-->[:flutter_inappwebview] AndroidManifest.xml:9:13-90
30-->[:flutter_inappwebview] AndroidManifest.xml:9:21-87
31        </intent> <!-- For browser content -->
32        <intent>
32-->[com.google.android.gms:play-services-ads-lite:21.0.0] AndroidManifest.xml:31:9-37:18
33            <action android:name="android.intent.action.VIEW" />
33-->[:flutter_downloader] AndroidManifest.xml:10:13-65
33-->[:flutter_downloader] AndroidManifest.xml:10:21-62
34
35            <category android:name="android.intent.category.BROWSABLE" />
35-->[com.google.android.gms:play-services-ads-lite:21.0.0] AndroidManifest.xml:34:13-74
35-->[com.google.android.gms:play-services-ads-lite:21.0.0] AndroidManifest.xml:34:23-71
36
37            <data android:scheme="https" />
37-->[:file_picker] AndroidManifest.xml:13:13-44
38        </intent>
39    </queries>
40
41    <uses-permission android:name="android.permission.FOREGROUND_SERVICE" />
41-->[:assets_audio_player] AndroidManifest.xml:7:5-77
41-->[:assets_audio_player] AndroidManifest.xml:7:22-74
42    <uses-permission android:name="android.permission.VIBRATE" />
42-->[:assets_audio_player] AndroidManifest.xml:8:5-66
42-->[:assets_audio_player] AndroidManifest.xml:8:22-63
43    <uses-permission android:name="android.permission.WRITE_EXTERNAL_STORAGE" />
44    <uses-permission android:name="android.permission.READ_PHONE_STATE" />
45    <uses-permission android:name="com.google.android.gms.permission.AD_ID" />
45-->[com.google.android.gms:play-services-measurement-api:21.1.0] AndroidManifest.xml:25:5-79
45-->[com.google.android.gms:play-services-measurement-api:21.1.0] AndroidManifest.xml:25:22-76
46    <uses-permission android:name="com.google.android.finsky.permission.BIND_GET_INSTALL_REFERRER_SERVICE" />
46-->[com.google.android.gms:play-services-measurement:21.1.0] AndroidManifest.xml:26:5-110
46-->[com.google.android.gms:play-services-measurement:21.1.0] AndroidManifest.xml:26:22-107
47    <uses-permission android:name="android.permission.RECEIVE_BOOT_COMPLETED" />
47-->[androidx.work:work-runtime:2.7.1] AndroidManifest.xml:27:5-81
47-->[androidx.work:work-runtime:2.7.1] AndroidManifest.xml:27:22-78
48
49    <application
50        android:name="android.app.Application"
51        android:appComponentFactory="androidx.core.app.CoreComponentFactory"
51-->[androidx.core:core:1.8.0] AndroidManifest.xml:24:18-86
52        android:debuggable="true"
53        android:icon="@mipmap/ic_launcher"
54        android:label="@string/app_name"
55        android:requestLegacyExternalStorage="true" >
56        <activity
57            android:name="io.kodingworks.flutter_modular.MainActivity"
58            android:configChanges="orientation|keyboardHidden|keyboard|screenSize|smallestScreenSize|locale|layoutDirection|fontScale|screenLayout|density|uiMode"
59            android:exported="true"
60            android:hardwareAccelerated="true"
61            android:launchMode="singleTop"
62            android:theme="@style/LaunchTheme"
63            android:windowSoftInputMode="adjustResize" >
64
65            <!--
66                 Specifies an Android theme to apply to this Activity as soon as
67                 the Android process has started. This theme is visible to the user
68                 while the Flutter UI initializes. After that, this theme continues
69                 to determine the Window background behind the Flutter UI.
70            -->
71            <meta-data
72                android:name="io.flutter.embedding.android.NormalTheme"
73                android:resource="@style/NormalTheme" />
74            <!--
75                 Displays an Android View that continues showing the launch screen
76                 Drawable until Flutter paints its first frame, then this splash
77                 screen fades out. A splash screen is useful to avoid any visual
78                 gap between the end of Android's launch screen and the painting of
79                 Flutter's first frame.
80            -->
81            <meta-data
82                android:name="io.flutter.embedding.android.SplashScreenDrawable"
83                android:resource="@drawable/launch_background" />
84
85            <intent-filter>
86                <action android:name="android.intent.action.MAIN" />
87
88                <category android:name="android.intent.category.LAUNCHER" />
89            </intent-filter>
90        </activity>
91        <!--
92             Don't delete the meta-data below.
93             This is used by the Flutter tool to generate GeneratedPluginRegistrant.java
94        -->
95        <meta-data
96            android:name="flutterEmbedding"
97            android:value="2" />
98        <meta-data
99            android:name="com.google.android.gms.ads.APPLICATION_ID"
100            android:value="@string/application_ads_id" />
101
102        <provider
103            android:name="vn.hunghd.flutterdownloader.DownloadedFileProvider"
104            android:authorities="co.novageeks.mediation.flutter_downloader.provider"
105            android:exported="false"
106            android:grantUriPermissions="true" >
107            <meta-data
107-->[:image_picker_android] AndroidManifest.xml:13:13-15:75
108                android:name="android.support.FILE_PROVIDER_PATHS"
108-->[:image_picker_android] AndroidManifest.xml:14:17-67
109                android:resource="@xml/provider_paths" />
109-->[:image_picker_android] AndroidManifest.xml:15:17-72
110        </provider>
111
112        <!-- Begin FlutterDownloader customization -->
113        <!-- disable default Initializer -->
114        <provider
115            android:name="androidx.startup.InitializationProvider"
116            android:authorities="co.novageeks.mediation.androidx-startup"
117            android:exported="false" >
118            <meta-data
118-->[androidx.emoji2:emoji2:1.2.0] AndroidManifest.xml:29:13-31:52
119                android:name="androidx.emoji2.text.EmojiCompatInitializer"
119-->[androidx.emoji2:emoji2:1.2.0] AndroidManifest.xml:30:17-75
120                android:value="androidx.startup" />
120-->[androidx.emoji2:emoji2:1.2.0] AndroidManifest.xml:31:17-49
121            <meta-data
121-->[androidx.lifecycle:lifecycle-process:2.4.1] AndroidManifest.xml:31:13-33:52
122                android:name="androidx.lifecycle.ProcessLifecycleInitializer"
122-->[androidx.lifecycle:lifecycle-process:2.4.1] AndroidManifest.xml:32:17-78
123                android:value="androidx.startup" />
123-->[androidx.lifecycle:lifecycle-process:2.4.1] AndroidManifest.xml:33:17-49
124        </provider>
125
126        <!-- declare customized Initializer -->
127        <provider
128            android:name="vn.hunghd.flutterdownloader.FlutterDownloaderInitializer"
129            android:authorities="co.novageeks.mediation.flutter-downloader-init"
130            android:exported="false" >
131            <meta-data
132                android:name="vn.hunghd.flutterdownloader.MAX_CONCURRENT_TASKS"
133                android:value="5" />
134        </provider>
135        <!-- End FlutterDownloader customization -->
136        <service
136-->[:firebase_crashlytics] AndroidManifest.xml:8:9-12:19
137            android:name="com.google.firebase.components.ComponentDiscoveryService"
137-->[:firebase_crashlytics] AndroidManifest.xml:8:18-89
138            android:directBootAware="true"
138-->[com.google.firebase:firebase-common:20.1.1] AndroidManifest.xml:35:13-43
139            android:exported="false" >
139-->[com.google.firebase:firebase-crashlytics:18.2.11] AndroidManifest.xml:17:13-37
140            <meta-data
140-->[:firebase_crashlytics] AndroidManifest.xml:9:13-11:85
141                android:name="com.google.firebase.components:io.flutter.plugins.firebase.crashlytics.FlutterFirebaseAppRegistrar"
141-->[:firebase_crashlytics] AndroidManifest.xml:10:17-130
142                android:value="com.google.firebase.components.ComponentRegistrar" />
142-->[:firebase_crashlytics] AndroidManifest.xml:11:17-82
143            <meta-data
143-->[:firebase_analytics] AndroidManifest.xml:13:13-15:85
144                android:name="com.google.firebase.components:io.flutter.plugins.firebase.analytics.FlutterFirebaseAppRegistrar"
144-->[:firebase_analytics] AndroidManifest.xml:14:17-128
145                android:value="com.google.firebase.components.ComponentRegistrar" />
145-->[:firebase_analytics] AndroidManifest.xml:15:17-82
146            <meta-data
146-->[:firebase_core] AndroidManifest.xml:9:13-11:85
147                android:name="com.google.firebase.components:io.flutter.plugins.firebase.core.FlutterFirebaseCoreRegistrar"
147-->[:firebase_core] AndroidManifest.xml:10:17-124
148                android:value="com.google.firebase.components.ComponentRegistrar" />
148-->[:firebase_core] AndroidManifest.xml:11:17-82
149            <meta-data
149-->[com.google.firebase:firebase-crashlytics:18.2.11] AndroidManifest.xml:18:13-20:85
150                android:name="com.google.firebase.components:com.google.firebase.crashlytics.CrashlyticsRegistrar"
150-->[com.google.firebase:firebase-crashlytics:18.2.11] AndroidManifest.xml:19:17-115
151                android:value="com.google.firebase.components.ComponentRegistrar" />
151-->[com.google.firebase:firebase-crashlytics:18.2.11] AndroidManifest.xml:20:17-82
152            <meta-data
152-->[com.google.android.gms:play-services-measurement-api:21.1.0] AndroidManifest.xml:31:13-33:85
153                android:name="com.google.firebase.components:com.google.firebase.analytics.connector.internal.AnalyticsConnectorRegistrar"
153-->[com.google.android.gms:play-services-measurement-api:21.1.0] AndroidManifest.xml:32:17-139
154                android:value="com.google.firebase.components.ComponentRegistrar" />
154-->[com.google.android.gms:play-services-measurement-api:21.1.0] AndroidManifest.xml:33:17-82
155            <meta-data
155-->[com.google.firebase:firebase-installations:17.0.1] AndroidManifest.xml:18:13-20:85
156                android:name="com.google.firebase.components:com.google.firebase.installations.FirebaseInstallationsRegistrar"
156-->[com.google.firebase:firebase-installations:17.0.1] AndroidManifest.xml:19:17-127
157                android:value="com.google.firebase.components.ComponentRegistrar" />
157-->[com.google.firebase:firebase-installations:17.0.1] AndroidManifest.xml:20:17-82
158        </service>
159
160        <provider
160-->[:image_picker_android] AndroidManifest.xml:8:9-16:20
161            android:name="io.flutter.plugins.imagepicker.ImagePickerFileProvider"
161-->[:image_picker_android] AndroidManifest.xml:9:13-82
162            android:authorities="co.novageeks.mediation.flutter.image_provider"
162-->[:image_picker_android] AndroidManifest.xml:10:13-74
163            android:exported="false"
163-->[:image_picker_android] AndroidManifest.xml:11:13-37
164            android:grantUriPermissions="true" >
164-->[:image_picker_android] AndroidManifest.xml:12:13-47
165            <meta-data
165-->[:image_picker_android] AndroidManifest.xml:13:13-15:75
166                android:name="android.support.FILE_PROVIDER_PATHS"
166-->[:image_picker_android] AndroidManifest.xml:14:17-67
167                android:resource="@xml/flutter_image_picker_file_paths" />
167-->[:image_picker_android] AndroidManifest.xml:15:17-72
168        </provider>
169
170        <activity
170-->[:url_launcher_android] AndroidManifest.xml:8:9-11:74
171            android:name="io.flutter.plugins.urllauncher.WebViewActivity"
171-->[:url_launcher_android] AndroidManifest.xml:9:13-74
172            android:exported="false"
172-->[:url_launcher_android] AndroidManifest.xml:10:13-37
173            android:theme="@android:style/Theme.NoTitleBar.Fullscreen" />
173-->[:url_launcher_android] AndroidManifest.xml:11:13-71
174
175        <receiver
175-->[:assets_audio_player] AndroidManifest.xml:12:9-14:39
176            android:name="com.github.florent37.assets_audio_player.notification.NotificationActionReceiver"
176-->[:assets_audio_player] AndroidManifest.xml:13:13-108
177            android:exported="true" />
177-->[:assets_audio_player] AndroidManifest.xml:14:13-36
178        <receiver
178-->[:assets_audio_player] AndroidManifest.xml:15:9-21:20
179            android:name="com.github.florent37.assets_audio_player.notification.CustomMediaButtonReceiver"
179-->[:assets_audio_player] AndroidManifest.xml:16:13-107
180            android:exported="true" >
180-->[:assets_audio_player] AndroidManifest.xml:17:13-36
181            <intent-filter>
181-->[:assets_audio_player] AndroidManifest.xml:18:13-20:29
182                <action android:name="android.intent.action.MEDIA_BUTTON" />
182-->[:assets_audio_player] AndroidManifest.xml:19:17-77
182-->[:assets_audio_player] AndroidManifest.xml:19:25-74
183            </intent-filter>
184        </receiver>
185
186        <service
186-->[:assets_audio_player] AndroidManifest.xml:23:9-33:19
187            android:name="com.github.florent37.assets_audio_player.notification.NotificationService"
187-->[:assets_audio_player] AndroidManifest.xml:24:13-101
188            android:enabled="true"
188-->[:assets_audio_player] AndroidManifest.xml:25:13-35
189            android:exported="true" >
189-->[:assets_audio_player] AndroidManifest.xml:26:13-36
190
191            <!--
192            <intent-filter>
193                <action android:name="android.intent.action.MEDIA_BUTTON" />
194            </intent-filter>
195            -->
196        </service>
197
198        <activity
198-->[:flutter_inappwebview] AndroidManifest.xml:14:9-18:47
199            android:name="com.pichillilorenzo.flutter_inappwebview.in_app_browser.InAppBrowserActivity"
199-->[:flutter_inappwebview] AndroidManifest.xml:15:13-104
200            android:configChanges="orientation|keyboardHidden|keyboard|screenSize|locale|layoutDirection|fontScale|screenLayout|density"
200-->[:flutter_inappwebview] AndroidManifest.xml:16:13-137
201            android:exported="true"
201-->[:flutter_inappwebview] AndroidManifest.xml:17:13-36
202            android:theme="@style/AppTheme" />
202-->[:flutter_inappwebview] AndroidManifest.xml:18:13-44
203        <activity
203-->[:flutter_inappwebview] AndroidManifest.xml:19:9-22:55
204            android:name="com.pichillilorenzo.flutter_inappwebview.chrome_custom_tabs.ChromeCustomTabsActivity"
204-->[:flutter_inappwebview] AndroidManifest.xml:20:13-112
205            android:exported="true"
205-->[:flutter_inappwebview] AndroidManifest.xml:21:13-36
206            android:theme="@style/ThemeTransparent" />
206-->[:flutter_inappwebview] AndroidManifest.xml:22:13-52
207        <activity
207-->[:flutter_inappwebview] AndroidManifest.xml:23:9-26:55
208            android:name="com.pichillilorenzo.flutter_inappwebview.chrome_custom_tabs.TrustedWebActivity"
208-->[:flutter_inappwebview] AndroidManifest.xml:24:13-106
209            android:exported="true"
209-->[:flutter_inappwebview] AndroidManifest.xml:25:13-36
210            android:theme="@style/ThemeTransparent" />
210-->[:flutter_inappwebview] AndroidManifest.xml:26:13-52
211        <activity
211-->[:flutter_inappwebview] AndroidManifest.xml:27:9-31:55
212            android:name="com.pichillilorenzo.flutter_inappwebview.chrome_custom_tabs.ChromeCustomTabsActivitySingleInstance"
212-->[:flutter_inappwebview] AndroidManifest.xml:28:13-126
213            android:exported="true"
213-->[:flutter_inappwebview] AndroidManifest.xml:29:13-36
214            android:launchMode="singleInstance"
214-->[:flutter_inappwebview] AndroidManifest.xml:30:13-48
215            android:theme="@style/ThemeTransparent" />
215-->[:flutter_inappwebview] AndroidManifest.xml:31:13-52
216        <activity
216-->[:flutter_inappwebview] AndroidManifest.xml:32:9-36:55
217            android:name="com.pichillilorenzo.flutter_inappwebview.chrome_custom_tabs.TrustedWebActivitySingleInstance"
217-->[:flutter_inappwebview] AndroidManifest.xml:33:13-120
218            android:exported="true"
218-->[:flutter_inappwebview] AndroidManifest.xml:34:13-36
219            android:launchMode="singleInstance"
219-->[:flutter_inappwebview] AndroidManifest.xml:35:13-48
220            android:theme="@style/ThemeTransparent" />
220-->[:flutter_inappwebview] AndroidManifest.xml:36:13-52
221
222        <receiver
222-->[:flutter_inappwebview] AndroidManifest.xml:38:9-41:40
223            android:name="com.pichillilorenzo.flutter_inappwebview.chrome_custom_tabs.ActionBroadcastReceiver"
223-->[:flutter_inappwebview] AndroidManifest.xml:39:13-111
224            android:enabled="true"
224-->[:flutter_inappwebview] AndroidManifest.xml:40:13-35
225            android:exported="false" />
225-->[:flutter_inappwebview] AndroidManifest.xml:41:13-37
226
227        <meta-data
227-->[:flutter_inappwebview] AndroidManifest.xml:43:9-45:36
228            android:name="io.flutter.embedded_views_preview"
228-->[:flutter_inappwebview] AndroidManifest.xml:44:13-61
229            android:value="true" />
229-->[:flutter_inappwebview] AndroidManifest.xml:45:13-33
230
231        <uses-library
231-->[androidx.window:window:1.0.0-beta04] AndroidManifest.xml:25:9-27:40
232            android:name="androidx.window.extensions"
232-->[androidx.window:window:1.0.0-beta04] AndroidManifest.xml:26:13-54
233            android:required="false" />
233-->[androidx.window:window:1.0.0-beta04] AndroidManifest.xml:27:13-37
234        <uses-library
234-->[androidx.window:window:1.0.0-beta04] AndroidManifest.xml:28:9-30:40
235            android:name="androidx.window.sidecar"
235-->[androidx.window:window:1.0.0-beta04] AndroidManifest.xml:29:13-51
236            android:required="false" />
236-->[androidx.window:window:1.0.0-beta04] AndroidManifest.xml:30:13-37
237
238        <provider
238-->[com.google.firebase:firebase-common:20.1.1] AndroidManifest.xml:26:9-31:39
239            android:name="com.google.firebase.provider.FirebaseInitProvider"
239-->[com.google.firebase:firebase-common:20.1.1] AndroidManifest.xml:27:13-77
240            android:authorities="co.novageeks.mediation.firebaseinitprovider"
240-->[com.google.firebase:firebase-common:20.1.1] AndroidManifest.xml:28:13-72
241            android:directBootAware="true"
241-->[com.google.firebase:firebase-common:20.1.1] AndroidManifest.xml:29:13-43
242            android:exported="false"
242-->[com.google.firebase:firebase-common:20.1.1] AndroidManifest.xml:30:13-37
243            android:initOrder="100" /> <!-- Include the AdActivity and InAppPurchaseActivity configChanges and themes. -->
243-->[com.google.firebase:firebase-common:20.1.1] AndroidManifest.xml:31:13-36
244        <activity
244-->[com.google.android.gms:play-services-ads-lite:21.0.0] AndroidManifest.xml:49:9-53:64
245            android:name="com.google.android.gms.ads.AdActivity"
245-->[com.google.android.gms:play-services-ads-lite:21.0.0] AndroidManifest.xml:50:13-65
246            android:configChanges="keyboard|keyboardHidden|orientation|screenLayout|uiMode|screenSize|smallestScreenSize"
246-->[com.google.android.gms:play-services-ads-lite:21.0.0] AndroidManifest.xml:51:13-122
247            android:exported="false"
247-->[com.google.android.gms:play-services-ads-lite:21.0.0] AndroidManifest.xml:52:13-37
248            android:theme="@android:style/Theme.Translucent" />
248-->[com.google.android.gms:play-services-ads-lite:21.0.0] AndroidManifest.xml:53:13-61
249
250        <provider
250-->[com.google.android.gms:play-services-ads-lite:21.0.0] AndroidManifest.xml:55:9-59:39
251            android:name="com.google.android.gms.ads.MobileAdsInitProvider"
251-->[com.google.android.gms:play-services-ads-lite:21.0.0] AndroidManifest.xml:56:13-76
252            android:authorities="co.novageeks.mediation.mobileadsinitprovider"
252-->[com.google.android.gms:play-services-ads-lite:21.0.0] AndroidManifest.xml:57:13-73
253            android:exported="false"
253-->[com.google.android.gms:play-services-ads-lite:21.0.0] AndroidManifest.xml:58:13-37
254            android:initOrder="100" />
254-->[com.google.android.gms:play-services-ads-lite:21.0.0] AndroidManifest.xml:59:13-36
255
256        <service
256-->[com.google.android.gms:play-services-ads-lite:21.0.0] AndroidManifest.xml:61:9-64:40
257            android:name="com.google.android.gms.ads.AdService"
257-->[com.google.android.gms:play-services-ads-lite:21.0.0] AndroidManifest.xml:62:13-64
258            android:enabled="true"
258-->[com.google.android.gms:play-services-ads-lite:21.0.0] AndroidManifest.xml:63:13-35
259            android:exported="false" />
259-->[com.google.android.gms:play-services-ads-lite:21.0.0] AndroidManifest.xml:64:13-37
260
261        <receiver
261-->[com.google.android.gms:play-services-measurement:21.1.0] AndroidManifest.xml:29:9-33:20
262            android:name="com.google.android.gms.measurement.AppMeasurementReceiver"
262-->[com.google.android.gms:play-services-measurement:21.1.0] AndroidManifest.xml:30:13-85
263            android:enabled="true"
263-->[com.google.android.gms:play-services-measurement:21.1.0] AndroidManifest.xml:31:13-35
264            android:exported="false" >
264-->[com.google.android.gms:play-services-measurement:21.1.0] AndroidManifest.xml:32:13-37
265        </receiver>
266
267        <service
267-->[com.google.android.gms:play-services-measurement:21.1.0] AndroidManifest.xml:35:9-38:40
268            android:name="com.google.android.gms.measurement.AppMeasurementService"
268-->[com.google.android.gms:play-services-measurement:21.1.0] AndroidManifest.xml:36:13-84
269            android:enabled="true"
269-->[com.google.android.gms:play-services-measurement:21.1.0] AndroidManifest.xml:37:13-35
270            android:exported="false" />
270-->[com.google.android.gms:play-services-measurement:21.1.0] AndroidManifest.xml:38:13-37
271        <service
271-->[com.google.android.gms:play-services-measurement:21.1.0] AndroidManifest.xml:39:9-43:72
272            android:name="com.google.android.gms.measurement.AppMeasurementJobService"
272-->[com.google.android.gms:play-services-measurement:21.1.0] AndroidManifest.xml:40:13-87
273            android:enabled="true"
273-->[com.google.android.gms:play-services-measurement:21.1.0] AndroidManifest.xml:41:13-35
274            android:exported="false"
274-->[com.google.android.gms:play-services-measurement:21.1.0] AndroidManifest.xml:42:13-37
275            android:permission="android.permission.BIND_JOB_SERVICE" />
275-->[com.google.android.gms:play-services-measurement:21.1.0] AndroidManifest.xml:43:13-69
276
277        <activity
277-->[com.google.android.gms:play-services-base:18.0.0] AndroidManifest.xml:20:9-22:45
278            android:name="com.google.android.gms.common.api.GoogleApiActivity"
278-->[com.google.android.gms:play-services-base:18.0.0] AndroidManifest.xml:20:19-85
279            android:exported="false"
279-->[com.google.android.gms:play-services-base:18.0.0] AndroidManifest.xml:22:19-43
280            android:theme="@android:style/Theme.Translucent.NoTitleBar" />
280-->[com.google.android.gms:play-services-base:18.0.0] AndroidManifest.xml:21:19-78
281
282        <meta-data
282-->[com.google.android.gms:play-services-basement:18.0.0] AndroidManifest.xml:21:9-23:69
283            android:name="com.google.android.gms.version"
283-->[com.google.android.gms:play-services-basement:18.0.0] AndroidManifest.xml:22:13-58
284            android:value="@integer/google_play_services_version" />
284-->[com.google.android.gms:play-services-basement:18.0.0] AndroidManifest.xml:23:13-66
285
286        <service
286-->[androidx.work:work-runtime:2.7.1] AndroidManifest.xml:41:9-46:35
287            android:name="androidx.work.impl.background.systemalarm.SystemAlarmService"
287-->[androidx.work:work-runtime:2.7.1] AndroidManifest.xml:42:13-88
288            android:directBootAware="false"
288-->[androidx.work:work-runtime:2.7.1] AndroidManifest.xml:43:13-44
289            android:enabled="@bool/enable_system_alarm_service_default"
289-->[androidx.work:work-runtime:2.7.1] AndroidManifest.xml:44:13-72
290            android:exported="false" />
290-->[androidx.work:work-runtime:2.7.1] AndroidManifest.xml:45:13-37
291        <service
291-->[androidx.work:work-runtime:2.7.1] AndroidManifest.xml:47:9-53:35
292            android:name="androidx.work.impl.background.systemjob.SystemJobService"
292-->[androidx.work:work-runtime:2.7.1] AndroidManifest.xml:48:13-84
293            android:directBootAware="false"
293-->[androidx.work:work-runtime:2.7.1] AndroidManifest.xml:49:13-44
294            android:enabled="@bool/enable_system_job_service_default"
294-->[androidx.work:work-runtime:2.7.1] AndroidManifest.xml:50:13-70
295            android:exported="true"
295-->[androidx.work:work-runtime:2.7.1] AndroidManifest.xml:51:13-36
296            android:permission="android.permission.BIND_JOB_SERVICE" />
296-->[androidx.work:work-runtime:2.7.1] AndroidManifest.xml:52:13-69
297        <service
297-->[androidx.work:work-runtime:2.7.1] AndroidManifest.xml:54:9-59:35
298            android:name="androidx.work.impl.foreground.SystemForegroundService"
298-->[androidx.work:work-runtime:2.7.1] AndroidManifest.xml:55:13-81
299            android:directBootAware="false"
299-->[androidx.work:work-runtime:2.7.1] AndroidManifest.xml:56:13-44
300            android:enabled="@bool/enable_system_foreground_service_default"
300-->[androidx.work:work-runtime:2.7.1] AndroidManifest.xml:57:13-77
301            android:exported="false" />
301-->[androidx.work:work-runtime:2.7.1] AndroidManifest.xml:58:13-37
302
303        <receiver
303-->[androidx.work:work-runtime:2.7.1] AndroidManifest.xml:61:9-66:35
304            android:name="androidx.work.impl.utils.ForceStopRunnable$BroadcastReceiver"
304-->[androidx.work:work-runtime:2.7.1] AndroidManifest.xml:62:13-88
305            android:directBootAware="false"
305-->[androidx.work:work-runtime:2.7.1] AndroidManifest.xml:63:13-44
306            android:enabled="true"
306-->[androidx.work:work-runtime:2.7.1] AndroidManifest.xml:64:13-35
307            android:exported="false" />
307-->[androidx.work:work-runtime:2.7.1] AndroidManifest.xml:65:13-37
308        <receiver
308-->[androidx.work:work-runtime:2.7.1] AndroidManifest.xml:67:9-77:20
309            android:name="androidx.work.impl.background.systemalarm.ConstraintProxy$BatteryChargingProxy"
309-->[androidx.work:work-runtime:2.7.1] AndroidManifest.xml:68:13-106
310            android:directBootAware="false"
310-->[androidx.work:work-runtime:2.7.1] AndroidManifest.xml:69:13-44
311            android:enabled="false"
311-->[androidx.work:work-runtime:2.7.1] AndroidManifest.xml:70:13-36
312            android:exported="false" >
312-->[androidx.work:work-runtime:2.7.1] AndroidManifest.xml:71:13-37
313            <intent-filter>
313-->[androidx.work:work-runtime:2.7.1] AndroidManifest.xml:73:13-76:29
314                <action android:name="android.intent.action.ACTION_POWER_CONNECTED" />
314-->[androidx.work:work-runtime:2.7.1] AndroidManifest.xml:74:17-87
314-->[androidx.work:work-runtime:2.7.1] AndroidManifest.xml:74:25-84
315                <action android:name="android.intent.action.ACTION_POWER_DISCONNECTED" />
315-->[androidx.work:work-runtime:2.7.1] AndroidManifest.xml:75:17-90
315-->[androidx.work:work-runtime:2.7.1] AndroidManifest.xml:75:25-87
316            </intent-filter>
317        </receiver>
318        <receiver
318-->[androidx.work:work-runtime:2.7.1] AndroidManifest.xml:78:9-88:20
319            android:name="androidx.work.impl.background.systemalarm.ConstraintProxy$BatteryNotLowProxy"
319-->[androidx.work:work-runtime:2.7.1] AndroidManifest.xml:79:13-104
320            android:directBootAware="false"